[    0.00000] Linux version 4.15.0-72-generic (buildd@lcy01-amd64-026) (gcc version 7.4.0 (Ubuntu 7.4.0-1ubuntu18.04.1)) #81-Ubuntu SMP TuNov 26 12:20:02 UTC 2019 (Ubuntu 4.15.0-72.81-generic 4.15.18)
[    0.000000] Command line: BOOT_IMAGE=/boot/vmlinuz-4.15.0-72-generic root=UUID=fc432cd9-3eff-4f0f-956a-9c088d130e57 ro console=tty1 console=ttyS0
[    0.000000] KEREL supported cpus:
[    0.000000]   Intel GenuineIntel
[    0.000000]   AMD AuthenticAMD
[    0.000000]   Centaur CeaurHas
[    0.000000] x86/fpu: Supporting XSAVE feature 0x001: 'x87 floating point register'
[   000000x86/fpu: Supporting XSAVE feature 0x002: 'SSE resters'
[    0.000000] x86/fpu: Supporting XSAVE feature 0x004: 'AVX registers'
[    0.000000] x86/fpu: xstate_offset[2]:  576, xstate_sizes[2]:  256
[    0.000000] x86/fpu: Enabled xstate features 0x7, context size is 832 bytes, using 'standard' format.
[    0.000000] e820: BIOS-provided physical RAM map:
[    0.000000] BIOS-e820: [mem 0x000000000000000-0x000000000009fbff] usable
[    0.000000] BIOS-e820: [mem 0x000000000009fc00-0x000000000009ffff] reserved
[    0.000000] BIOS-e82 [mem 0x00000000000f0000-0x00000000000fffff] reserved
[    0.000000] BIOS-e820: [mem 0x00000000000000-000000003ffeffff] usable
[    0.000000] BIOS-e820: [mem 0x000000003fff0000-0x000000003fffffff] ACPI data
[    0.000000] BIOS-e820: [mem 0x00000000fec00000-0x00000000fec00fff] reserved
[    0.000000] BIOS-e82: [mem 0x0000000fee00000-0x00000000fee00fff] reserved
[    0.000000] BIOS-e820: [mem 0x00000000fffc0000-0x00000000ffffffff] reserved
[    0.000000] NX (Execute Disable) protection: active
[  0.000000] SMBIOS 2.5 present.
[    0.000000] DMI: innotek GmbH VirtualBox/rtualBox, BIOS VirtualBox 12/01/2006
[    000000] Hypervisor detected: KVM
[    0.0000] 82: last_pfn = 0x3fff0 max_arch_pfn = 0x400000000
[    0.000000] MTRR: Disabled
[    0.000000] x86/PAT: MTRRs disabled, skippingAT initialization too.
[    0.000000] CPU MTRRs alllank - virtualized stem.
[    0.000000] x86/PAT: Cfiguration [0-7]: WB  WT  UC- UC  WB  WT  UC- UC  
[    0.000000] found SMP MP-ble at [mem 0x0009fff0-0x0009ffff]
[    0.000000] Scanning 1 areas for low memory corruption
[    0.000000] RAMDISK: [mem 0x35969000-0x36cabfff]
[    0.000000] ACPI: Early table checksum verificatio disabled
[    0.000000] ACPI: RSDP 0x00000000000E0000 00024 (v02 VBOX  )
[    0.000000] ACPI: XSDT 0x000000003FFF0030 00003C (v01 VBOX   VBOXXSDT 00000001 ASL  00000061)
[    0.000000] ACPI: FACP 0x000000003FFF00F0 0000F4 (v04 VBOX   VBOXFACP 00000001 ASL  00000061)
[    0.000000] ACPI: DSDT 0x000000003FFF0470 0021FF (v02 VBOX   VBOXBIOS 00000002 NTL 0100528)
[    0.000000] ACPI: FACS 0x000000003FFF0200 000040
[    0.000000] ACPI: FACS 0x000000003FFF0200 000040
[    0.000000] ACPI: APIC 0x000000003FFF0240 00005C (v02 VBOX   VBOXAPIC 00000001 ASL  00000061)
[    0.000000] ACPI: SSDT 0x000000003FFF02A0 0001CC (v01 VBOX   VBOXCPUT 00000002 INTL 20100528)
[    0.000000] No NUMA configuration found
[    0.000000] Faking a node at [mem 0x0000000000000000-0x000000003ffeffff]
[    0.000000] NODE_DATA(0) allocated [mem 0x3ffc50000x3ffeffff]
[    0.000000] kvm-clock: cpu 0, msr 0:3ff44001, primary cpu clock
[    0.000000] kvm-clock: Using msrs 4b564d01 and 4b564d00
[   0.000000] kvm-clck using sched offset of 5103904368 cycles
[    0.000000] clocksource: kvm-clock: mask: 0xffffffffffffffff max_cycles: 0x1cd42e4dffb, max_idle_ns: 881590591483 ns
[    0.000000] Zone ranges:
[    0.000000]   MA      [mem 0x0000000000001000-0x0000000000ffffff]
[    0.000000]   DMA32    [mem 0x0000000001000000-0x000000003ffeffff]
[    0.000000]   Normal   empty
[    0.000000]   Device   empty
[    0.000000] Movable zone start for each node
[    0.000000] Early memory node ranges
[    0.00000]  node   0: [mem 0x00000000001000-0x000000000009efff]
[    00000]   ne   0: [mem 0x0000000000100000x0000003ffeff]
[    0.0000] Reserved but unavailable: 98 pags
[   .0000] Initmem setup node 0 [mem 0x0000000000001000-0x000000003ffeffff]
[    0.0000] ACP PM-Ter IO Port: 0x4008
[    0.000000] IOAPIC[0]: apic_id  version , address 0xfec00000, GS0-23
[    0.000000] ACPI: INT_SRC_OVR (bus 0 bus_irq 0 global_irq 2 dfl dfl)
[    0.000000] ACPI: INT_SRC_OVR (bus 0 bus_irq 9 global_irq 9 low level)
[    0.000000] Using ACPI (MADT) for SMP configuration information
[   .000000] smpboot: Alloing 2 CPUs, 0 hotplug CPUs
[    0.000000] PM: Registered nosave memory: [mem 0x00000000-0x00000fff]
[    0.000000] M: Registered nosave memory: [mem 0x0009f000-0x0009ffff]
[   0.000000] PM Rgistered nosave memory: [mem 0x000a0000-0x000effff]
[    0.000000] PM: Registered nosave memory: [mem 0x000f0000-0x000fffff]
[    0.00000] e820: [mem 0x40000000-0xfebfffff] available for PCI devices
[    0.000000] Booting paravirtualized ernel on KVM
[    0.000000] clocksource: refined-jiffies: mask: 0xffffffff maxycles0xffffff, maxdle_ns: 7645519600211568 ns
[    0.000000] random: get_random_bytes called from start_kernel+0x99/0x4fd with cg_ini0
[  0.000000] seuppercpu: NR_CPUS:8192 nr_cpumask_bits:2 nr_cpu_ids:2 nr_node_ids:1
[    0.00000] percpu: Embdded 45 pages/cpu s147456 r8192 d28672 u10486
[  0.000000] PV qspinlock hash table entries: 256 (order: 0, 4096 bytes)
[    0.000000] Built 1 zonelists, mobility grouping on.  Total pages: 257913
[    0.000000] Policy zone: DMA32
[   .000000] Kernelommand line: BOOT_MAGE=/boot/vmlinuz-4.15.0-72-generic root=UUID=fc432cd9-3eff-4f0f-956a-9c088d130e57 ro console=tty console=ttyS0
[    0.000000] Memory: 982872K/1048120K aavailable (12300K kernel de, 2481K rwdata, 4264K rodata, 2428K init, 2388K bss, 65248K reserved, 0K cma-reserved)
[    0.000000] SLUB: HWalign4, Order=0-3, MinObjeccts=0, CPUs=2, Nodes=1
[    0.000000] Kernel/User page bles isolation: enabled
[    0.000000] ftrace: allocating 39318 entries in 154 pages
[    0.004000] Hierarchical RCU implementatn.
   0.0000] 	RCU resictinCPUs from NR_CPUS=8192 to r_pu_id2.
[  0.004000]Tasks RCUnabled.
[    0.004000] RCU: Adjusting geometry for rcu_fanout_leaf=16, nr_cpu_ids=2
[    0.004000] NR_IRQS: 524544, nr_irqs: 440, preallocated irqs: 16
[    0.004000] Console: colouVGA+ 80x25
[    004000] consoletty1] ebled
[    0.0040] console [ttyS0] enabled
[    0.004000] ACPI: Core reision 2170831
[    .004000]ACPI: 2 ACPI AML tables successfully acquired and loaded
[  0.004000] APIC: Switch to symmetric I/O mode setup
[    0.004551] x2apic enabled
[    0.005593] Switched APIC routing to physical x2apic.
[    0.008915] ..TIMER: vector=0x30 apic1=0 pin1=2 apic2=-1 pin2=-1
[    0.012004] tsc: Detected 2303.998 MHz processor
[    0.016012] Calibrating delay loop (skipped) preset value.. 4607.99 BogoMIPS (lpj=9215992)
[    0.020007] pid_max: default: 32768 minimum: 301
[    0.024040] Security Framework initialized
[    0.028006] Yama: becoming mindful.
[    0.028920] AppArmor: AppArmor initialized
[    0.033236] Dentry cache hash table entries: 131072 (order: 8, 1048576 bytes)
[    0.036081] Inode-cache hash table entries: 65536 (order: 7, 524288 bytes)
[    0.040026] Mount-cache hash table entries: 2048 (order: 2, 16384 bytes)
[    0.044033] Mountpoint-cache hash table entries: 2048 (order: 2, 16384 bytes)
[    0.048241] Last level iTLB entries: 4KB 64, 2MB 8, 4MB 8
[    0.052008] Last level dTLB entries: 4KB 64, 2MB 0, 4MB 0, 1GB 4
[    0.054187] Spectre V1 : Mitigation: usercopy/swapgs barriers and __user pointer sanitization
[    0.056007] Spectre V2 : Mitigation: Full generic retpoline
[    0.060005] Spectre V2 : Spectre v2 / SpectreRSB mitigation: Filling RSB on context switch
[    0.064010] Speculative Store Bypass: Vulnerable
[    0.068046] MDS: Vulnerable: Clear CPU buffers attempted, no microcode
[    0.072162] Freeing SMP alternatives memory: 36K
[    0.186673] smpboot: CPU0: Intel(R) Core(TM) i5-7360U CPU @ 2.30GHz (family: 0x6, model: 0x8e, stepping: 0x9)
[    0.188220] Performance Events: unsupported p6 CPU model 142 no PMU driver, software events only.
[    0.192062] Hierarchical SRCU implementation.
[    0.200467] NMI watchdog: Perf event create on CPU 0 failed with -2
[    0.204006] NMI watchdog: Perf NMI watchdog permanently disabled
[    0.208089] smp: Bringing up secondary CPUs ...
[    0.212141] x86: Booting SMP configuration:
[    0.216007] .... node  #0, CPUs:      #1
[    0.004000] kvm-clock: cpu 1, msr 0:3ff44041, secondary cpu clock
[    0.228023] smp: Brought up 1 node, 2 CPUs
[    0.232010] smpboot: Max logical packages: 1
[    0.236006] smpboot: Total of 2 processors activated (9215.99 BogoMIPS)
[    0.240158] devtmpfs: initialized
[    0.244083] x86/mm: Memory block size: 128MB
[    0.248206] evm: security.selinux
[    0.252011] evm: security.SMACK64
[    0.256006] evm: security.SMACK64EXEC
[    0.260006] evm: security.SMACK64TRANSMUTE
[    0.264006] evm: security.SMACK64MMAP
[    0.268007] evm: security.apparmor
[    0.272006] evm: security.ima
[    0.276008] evm: security.capability
[    0.280084] clocksource: jiffies: mask: 0xffffffff max_cycles: 0xffffffff, max_idle_ns: 7645041785100000 ns
[    0.284020] futex hash table entries: 512 (order: 3, 32768 bytes)
[    0.289607] pinctrl core: initialized pinctrl subsystem
[    0.296017] RTC time: 23:04:44, date: 12/11/19
[    0.297597] NET: Registered protocol family 16
[    0.300081] audit: initializing netlink subsys (disabled)
[    0.301548] audit: type=2000 audit(1576105484.632:1): state=initialized audit_enabled=0 res=1
[    0.324011] cpuidle: using governor ladder
[    0.328017] cpuidle: using governor menu
[    0.332056] ACPI: bus type PCI registered
[    0.336004] acpiphp: ACPI Hot Plug PCI Controller Driver version: 0.5
[    0.337595] PCI: Using configuration type 1 for base access
[    0.341151] HugeTLB registered 2.00 MiB page size, pre-allocated 0 pages
[    0.344090] ACPI: Added _OSI(Module Device)
[    0.345157] ACPI: Added _OSI(Processor Device)
[    0.348011] ACPI: Added _OSI(3.0 _SCP Extensions)
[    0.352008] ACPI: Added _OSI(Processor Aggregator Device)
[    0.356011] ACPI: Added _OSI(Linux-Dell-Video)
[    0.358775] ACPI: Added _OSI(Linux-Lenovo-NV-HDMI-Audio)
[    0.360008] ACPI: Added _OSI(Linux-HPI-Hybrid-Graphics)
[    0.364734] ACPI: Executed 1 blocks of module-level executable AML code
[    0.373367] ACPI: Interpreter enabled
[    0.376031] ACPI: (supports S0 S5)
[    0.378588] ACPI: Using IOAPIC for interrupt routing
[    0.380459] PCI: Using host bridge windows from ACPI; if necessary, use "pci=nocrs" and report a bug
[    0.384233] ACPI: Enabled 2 GPEs in block 00 to 07
[    0.396247] ACPI: PCI Root Bridge [PCI0] (domain 0000 [bus 00-ff])
[    0.400018] acpi PNP0A03:00: _OSC: OS supports [ASPM ClockPM Segments MSI]
[    0.404088] acpi PNP0A03:00: _OSC: not requesting OS control; OS requires [ExtendedConfig ASPM ClockPM MSI]
[    0.408031] acpi PNP0A03:00: fail to add MMCONFIG information, can't access extended PCI configuration space under this bridge.
[    0.412558] PCI host bridge to bus 0000:00
[    0.413590] pci_bus 0000:00: root bus resource [io  0x0000-0x0cf7 window]
[    0.416008] pci_bus 0000:00: root bus resource [io  0x0d00-0xffff window]
[    0.420007] pci_bus 0000:00: root bus resource [mem 0x000a0000-0x000bffff window]
[    0.424007] pci_bus 0000:00: root bus resource [mem 0x40000000-0xfdffffff window]
[    0.428009] pci_bus 0000:00: root bus resource [bus 00-ff]
[    0.439455] pci 0000:00:01.1: legacy IDE quirk: reg 0x10: [io  0x01f0-0x01f7]
[    0.440007] pci 0000:00:01.1: legacy IDE quirk: reg 0x14: [io  0x03f6]
[    0.444010] pci 0000:00:01.1: legacy IDE quirk: reg 0x18: [io  0x0170-0x0177]
[    0.448010] pci 0000:00:01.1: legacy IDE quirk: reg 0x1c: [io  0x0376]
[    0.465189] pci 0000:00:07.0: quirk: [io  0x4000-0x403f] claimed by PIIX4 ACPI
[    0.468031] pci 0000:00:07.0: quirk: [io  0x4100-0x410f] claimed by PIIX4 SMB
[    0.485949] ACPI: PCI Interrupt Link [LNKA] (IRQs 5 9 10 *11)
[    0.488616] ACPI: PCI Interrupt Link [LNKB] (IRQs 5 9 *10 11)
[    0.492164] ACPI: PCI Interrupt Link [LNKC] (IRQs 5 *9 10 11)
[    0.493609] ACPI: PCI Interrupt Link [LNKD] (IRQs 5 9 10 *11)
[    0.496387] SCSI subsystem initialized
[    0.500095] pci 0000:00:02.0: vgaarb: setting as boot VGA device
[    0.504000] pci 0000:00:02.0: vgaarb: VGA device added: decodes=io+mem,owns=io+mem,locks=none
[    0.504010] pci 0000:00:02.0: vgaarb: bridge control possible
[    0.508007] vgaarb: loaded
[    0.508722] ACPI: bus type USB registered
[    0.512051] usbcore: registered new interface driver usbfs
[    0.516039] usbcore: registered new interface driver hub
[    0.520049] usbcore: registered new device driver usb
[    0.524183] EDAC MC: Ver: 3.0.0
[    0.528163] PCI: Using ACPI for IRQ routing
[    0.536292] NetLabel: Initializing
[    0.540006] NetLabel:  domain hash size = 128
[    0.544004] NetLabel:  protocols = UNLABELED CIPSOv4 CALIPSO
[    0.548105] NetLabel:  unlabeled traffic allowed by default
[    0.552098] clocksource: Switched to clocksource kvm-clock
[    0.59416] VFS: Disk quotas dquot_6.6.0
[    0.620360] VFS: Dquot-cache hsh table entries: 12orr 0, 409bys)[  099255] AppArmor: AppArmor Filesystem Enabled
[    1.038319] pnp: PnP ACPI init
[    1.040357] pnp: PnP ACPI: found 3 device

[  1.099627] clocksource: acpi_pm:ask: 0xffffff x_cle 0fff,axx_idle_ns: 2085701024 ns
[    1.495189] NET: Registered protocol family
[   .523 T estlied hash table entries: 8192 (order: 4, 65536 bytes)

[    122345] TCP bind hash table entries: 8192 (order: 5, 131072 bytes)
[    1.877214] TCP: Hash tables configured (established 8192 bind 8192)
[    1.879498 U hash table enties: 2 (order: 2, 16384 yte
[  2.15] UDP-Lite hash table entries: 512 (ordr:, 38bys)
[  2.495823] NET: Registered protocol family 1
[    2.545605] pci 0000:00:00.0: Limiting direct PCI/PCI transfers
[    2.546990] pci 0000:00:01.0: Activating ISA DMA hang workarounds
[    2.548480] pci 0000:00:02.0: Video device with shadowed ROM at [mem 0x000c0000-0x000dffff]
[    2.550532] Unpacking initramfs...

[    2.839936] Freeing initrd memory: 19724K
[    2.890583] clocksource: tsc: mask: 0xffffffffffffffff max_cycles: 0x2135f5e6f15, max_idle_ns: 440795231538 ns
[    2.938592] platform rtc_cmos: registered platform RTC device (no PNP device found)
[    2.977406] Scanning for low memory corruption every 60 seconds
[    2.995958] Initialise system trusted keyrings
[    3.021820] Key type blacklist registered
[    3.036698] workingset: timestamp_bits=36 max_order=18 bucket_order=0
[    3.050409] zbud: loaded
[    3.052027] squashfs: version 4.0 (2009/01/31) Phillip Lougher
[    3.070274] fuse init (API version 7.26)
[    3.085600] Key type asymmetric registered
[    3.098157] Asymmetric key parser 'x509' registered
[    3.099316] Block layer SCSI generic (bsg) driver version 0.4 loaded (major 246)
[    3.101261] io scheduler noop registered
[    3.102228] io scheduler deadline registered
[    3.103272] io scheduler cfq registered (default)
[    3.113456] ACPI: AC Adapter [AC] (off-line)
[    3.125812] input: Power Button as /devices/LNXSYSTM:00/LNXPWRBN:00/input/input0
[    3.170575] ACPI: Power Button [PWRF]
[    3.182331] input: Sleep Button as /devices/LNXSYSTM:00/LNXSLPBN:00/input/input1
[    3.260832] ACPI: Sleep Button [SLPF]
[    3.280414] ACPI: Battery Slot [BAT0] (battery present)
[    3.280469] Serial: 8250/16550 driver, 32 ports, IRQ sharing enabled
[    3.329226] 00:02: ttyS0 at I/O 0x3f8 (irq = 4, base_baud = 115200) is a 16550A
[    3.341480] Linux agpgart interface v0.103
[    3.345668] loop: module loaded
[    3.354673] scsi host0: ata_piix
[    3.356163] scsi host1: ata_piix
[    3.364409] ata1: PATA max UDMA/33 cmd 0x1f0 ctl 0x3f6 bmdma 0xd000 irq 14
[    3.366043] ata2: PATA max UDMA/33 cmd 0x170 ctl 0x376 bmdma 0xd008 irq 15
[    3.367885] libphy: Fixed MDIO Bus: probed
[    3.368811] tun: Universal TUN/TAP device driver, 1.6
[    3.370033] PPP generic driver version 2.4.2
[    3.377320] ehci_hcd: USB 2.0 'Enhanced' Host Controller (EHCI) Driver
[    3.385201] ehci-pci: EHCI PCI platform driver
[    3.392425] ehci-platform: EHCI generic platform driver
[    3.394500] ohci_hcd: USB 1.1 'Open' Host Controller (OHCI) Driver
[    3.427856] ohci-pci: OHCI PCI platform driver
[    3.430065] ohci-platform: OHCI generic platform driver
[    3.434669] uhci_hcd: USB Universal Host Controller Interface driver
[    3.488326] i8042: PNP: PS/2 Controller [PNP0303:PS2K,PNP0f03:PS2M] at 0x60,0x64 irq 1,12
[    3.578860] serio: i8042 KBD port at 0x60,0x64 irq 1
[    3.591463] serio: i8042 AUX port at 0x60,0x64 irq 12
[    3.603266] mousedev: PS/2 mouse device common for all mice
[    3.620470] input: AT Translated Set 2 keyboard as /devices/platform/i8042/serio0/input/input2
[    3.623333] rtc_cmos rtc_cmos: rtc core: registered rtc_cmos as rtc0
[    3.648725] rtc_cmos rtc_cmos: alarms up to one day, 114 bytes nvram
[    3.668919] i2c /dev entries driver
[    3.669826] device-mapper: uevent: version 1.0.3
[    3.670974] device-mapper: ioctl: 4.37.0-ioctl (2017-09-20) initialised: dm-devel@redhat.com
[    3.691298] ledtrig-cpu: registered to indicate activity on CPUs
[    3.712284] NET: Registered protocol family 10
[    3.753925] Segment Routing with IPv6
[    3.754879] NET: Registered protocol family 17
[    3.755956] Key type dns_resolver registered
[    3.757175] mce: Using 0 MCE banks
[    3.776582] RAS: Correctable Errors collector initialized.
[    3.785850] sched_clock: Marking stable (3785813464, 0)->(10177878388, -6392064924)
[    3.807749] registered taskstats version 1
[    3.829696] Loading compiled-in X.509 certificates
[    3.840089] Loaded X.509 cert 'Build time autogenerated kernel key: f4f7241365689b0cbe3898188e65e316fd8f978d'
[    3.849961] zswap: loaded using pool lzo/zbud
[    3.875839] Key type big_key registered
[    3.890847] Key type trusted registered
[    3.906870] Key type encrypted registered
[    3.913529] AppArmor: AppArmor sha1 policy hashing enabled
[    3.957764] ima: No TPM chip found, activating TPM-bypass! (rc=-19)
[    3.966596] ima: Allocated hash algorithm: sha1
[    3.974455] evm: HMAC attrs: 0x1
[    3.988392]   Magic number: 15:816:99
[    3.990622] rtc_cmos rtc_cmos: setting system clock to 2019-12-11 23:04:48 UTC (1576105488)
[    4.011031] BIOS EDD facility v0.16 2004-Jun-25, 0 devices found
[    4.015363] EDD information not available.
[    4.024986] Freeing unused kernel image memory: 2428K
[    4.068727] Write protecting the kernel read-only data: 20480k
[    4.073620] Freeing unused kernel image memory: 2008K
[    4.075715] Freeing unused kernel image memory: 1880K
[    4.105364] x86/mm: Checked W+X mappings: passed, no W+X pages found.
[    4.125657] x86/mm: Checking user space page tables
[    4.132968] x86/mm: Checked W+X mappings: passed, no W+X pages found.
Loading, please wait...
starting version 237
[    4.206252] Fusion MPT base driver 3.04.20
[    4.207166] Copyright (c) 1999-2008 LSI Corporation
[    4.216247] Fusion MPT SPI Host driver 3.04.20
[    4.219441] e1000: Intel(R) PRO/1000 Network Driver - version 7.3.21-k8-NAPI
[    4.226737] e1000: Copyright (c) 1999-2006 Intel Corporation.
[    4.235901] mptbase: ioc0: Initiating bringup
[    4.245896] AVX2 version of gcm_enc/dec engaged.
[    4.247051] AES CTR mode by8 optimization enabled
[    4.332599] ioc0: LSI53C1030 A0: Capabilities={Initiator}
[    4.426435] input: ImExPS/2 Generic Explorer Mouse as /devices/platform/i8042/serio1/input/input4
[    4.595322] scsi host2: ioc0: LSI53C1030 A0, FwRev=00000000h, Ports=1, MaxQ=256, IRQ=20
[    4.766544] scsi 2:0:0:0: Direct-Access     VBOX     HARDDISK         1.0  PQ: 0 ANSI: 5
[    5.651210] scsi target2:0:0: Beginning Domain Validation
[    5.886501] scsi target2:0:0: Domain Validation skipping write tests
[    5.893545] scsi target2:0:0: Ending Domain Validation
[    5.900386] scsi target2:0:0: asynchronous
[    5.902207] scsi 2:0:1:0: Direct-Access     VBOX     HARDDISK         1.0  PQ: 0 ANSI: 5
[    6.184126] scsi target2:0:1: Beginning Domain Validation
[    6.193209] random: fast init done
[    6.212789] scsi target2:0:1: Domain Validation skipping write tests
[    6.220466] scsi target2:0:1: Ending Domain Validation
[    6.221888] scsi target2:0:1: asynchronous
[    6.224874] random: systemd-udevd: uninitialized urandom read (16 bytes read)
[    6.224895] e1000 0000:00:03.0 eth0: (PCI:33MHz:32-bit) 02:b1:13:47:2b:13
[    6.226559] random: systemd-udevd: uninitialized urandom read (16 bytes read)
[    6.227785] e1000 0000:00:03.0 eth0: Intel(R) PRO/1000 Network Connection
[    6.229602] random: systemd-udevd: uninitialized urandom read (16 bytes read)
[    6.245149] sd 2:0:0:0: Attached scsi generic sg0 type 0
[    6.268553] sd 2:0:0:0: [sda] 20971520 512-byte logical blocks: (10.7 GB/10.0 GiB)
[    6.270883] sd 2:0:1:0: Attached scsi generic sg1 type 0
[    6.277652] sd 2:0:0:0: [sda] Write Protect is off
[    6.278929] sd 2:0:0:0: [sda] Incomplete mode parameter data
[    6.280167] sd 2:0:0:0: [sda] Assuming drive cache: write through
[    6.281742] sd 2:0:1:0: [sdb] 20480 512-byte logical blocks: (10.5 MB/10.0 MiB)
[    6.289058] sd 2:0:1:0: [sdb] Write Protect is off
[    6.290373] sd 2:0:1:0: [sdb] Incomplete mode parameter data
[    6.291539] sd 2:0:1:0: [sdb] Assuming drive cache: write through
[    6.298307]  sda: sda1
[    6.306490] sd 2:0:0:0: [sda] Attached SCSI disk
[    6.315467] sd 2:0:1:0: [sdb] Attached SCSI disk
[    6.653009] e1000 0000:00:08.0 eth1: (PCI:33MHz:32-bit) 08:00:27:c6:bb:13
[    6.654580] e1000 0000:00:08.0 eth1: Intel(R) PRO/1000 Network Connection
[    7.498929] e1000 0000:00:08.0 enp0s8: renamed from eth1
[    7.520052] e1000 0000:00:03.0 enp0s3: renamed from eth0
Begin: Loading essential drivers ... [    8.968060] raid6: sse2x1   gen() 10124 MB/s
[    9.028782] raid6: sse2x1   xor()  8840 MB/s
[    9.092246] raid6: sse2x2   gen() 13927 MB/s
[    9.164263] raid6: sse2x2   xor()  9362 MB/s
[    9.212180] raid6: sse2x4   gen() 16014 MB/s
[    9.268193] raid6: sse2x4   xor() 10078 MB/s
[    9.324052] raid6: avx2x1   gen() 22728 MB/s
[    9.380025] raid6: avx2x1   xor() 15256 MB/s
[    9.436104] raid6: avx2x2   gen() 29201 MB/s
[    9.508639] raid6: avx2x2   xor() 17415 MB/s
[    9.560113] raid6: avx2x4   gen() 32413 MB/s
[    9.608051] raid6: avx2x4   xor() 18299 MB/s
[    9.620264] raid6: using algorithm avx2x4 gen() 32413 MB/s
[    9.638642] raid6: .... xor() 18299 MB/s, rmw enabled
[    9.639910] raid6: using avx2x2 recovery algorithm
[    9.650106] xor: automatically using best checksumming function   avx       
[    9.669961] async_tx: api initialized (async)
done.
Begin: Running /scripts/init-premount ... done.
Begin: Mounting root file system ... Begin: Running /scripts/local-top ... done.
Begin: Running /scripts/local[    9.732815] Btrfs loaded, crc32c=crc32c-intel
-premount ... Scanning for Btrfs filesystems
done.
Warning: fsck not present, so skipping root file[   10.458697] EXT4-fs (sda1): mounted filesystem with ordered data mode. Opts: (null)
 system
done.
Begin: Running /scripts/local-bottom ... done.
Begin: Running /scripts/init-bottom ... done.
[   10.715288] ip_tables: (C) 2000-2006 Netfilter Core Team
[   11.537608] systemd[1]: systemd 237 running in system mode. (+PAM +AUDIT +SELINUX +IMA +APPARMOR +SMACK +SYSVINIT +UTMP +LIBCRYPTSETUP +GCRYPT +GNUTLS +ACL +XZ +LZ4 +SECCOMP +BLKID +ELFUTILS +KMOD -IDN2 +IDN -PCRE2 default-hierarchy=hybrid)
[   12.766322] systemd[1]: Detected virtualization oracle.
[   12.772942] systemd[1]: Detected architecture x86-64.

Welcome to [1mUbuntu 18.04.3 LTS[0m!

[   12.794980] systemd[1]: Set hostname to <ubuntu-bionic>.
[   13.750960] systemd[1]: Reached target Swap.
[[0;32m  OK  [0m] Reached target Swap.
[   13.793201] systemd[1]: Reached target User and Group Name Lookups.
[[0;32m  OK  [0m] Reached target User and Group Name Lookups.
[   13.820974] systemd[1]: Reached target System Time Synchronized.
[[0;32m  OK  [0m] Reached target System Time Synchronized.
[   14.870793] systemd[1]: Created slice System Slice.
[[0;32m  OK  [0m] Created slice System Slice.
[   14.894578] systemd[1]: Listening on /dev/initctl Compatibility Named Pipe.
[[0;32m  OK  [0m] Listening on /dev/initctl Compatibility Named Pipe.
[   14.943669] systemd[1]: Listening on Journal Socket (/dev/log).
[[0;32m  OK  [0m] Listening on Journal Socket (/dev/log).
[[0;32m  OK  [0m] Listening on Network Service Netlink Socket.
[[0;32m  OK  [0m] Listening on LVM2 metadata daemon socket.
[[0;32m  OK  [0m] Started Forward Password Requests to Wall Directory Watch.
[[0;32m  OK  [0m] Listening on udev Control Socket.
[[0;32m  OK  [0m] Listening on Syslog Socket.
[[0;32m  OK  [0m] Created slice system-serial\x2dgetty.slice.
[[0;32m  OK  [0m] Listening on Journal Audit Socket.
[[0;32m  OK  [0m] Created slice User and Session Slice.
[[0;32m  OK  [0m] Reached target Slices.
[[0;32m  OK  [0m] Listening on Journal Socket.
         Starting Set the console keyboard layout...
         Starting Create list of required st…ce nodes for the current kernel...
         Starting Load Kernel Modules...
         Mounting Kernel Debug File System...
         Starting Journal Service...
[   15.160003] Loading iSCSI transport class v2.0-870.
         Starting Remount Root and Kernel File Systems...
[[0;32m  OK  [0m] Listening on udev Kernel Socket.
         Starting udev Coldplug all Devices...
         Starting Uncomplicated firewall...
         Mounting POSIX Message Queue File System...
[[0;32m  OK  [0m] Set up automount Arbitrary Executab…rmats File System Automount Point.
[   15.202950] iscsi: registered transport (tcp)
[   15.232763] EXT4-fs (sda1): re-mounted. Opts: (null)
[[0;32m  OK  [0m] Listening on Device-mapper event daemon FIFOs.
         Starting Monitoring of LVM2 mirrors…ng dmeventd or progress polling...
[[0;32m  OK  [0m] Listening on LVM2 poll daemon socket.
         Mounting Huge Pages File System...
[[0;32m  OK  [0m] Started Journal Service.
[[0;32m  OK  [0m] Started Create list of required sta…vice nodes for the current kernel.
[[0;32m  OK  [0m] Mounted Kernel Debug File System.
[[0;32m  OK  [0m] Started Remount Root and Kernel File Systems.
[[0;32m  OK  [0m] Started Uncomplicated firewall.
[[0;32m  OK  [0m] Mounted POSIX Message Queue File System.
[[0;32m  OK  [0m] Mounted Huge Pages File System.
         Starting Load/Save Random Seed...
         Starting Create Static Device Nodes in /dev...
         Starting Flush Journal to Persistent Storage...
[[0;32m  OK  [0m] Started Load/Save Random Seed.
[[0;32m  OK  [0m] Started udev Coldplug all Devices.
[[0;32m  OK  [0m] Started Set the console keyboard layout.
[   15.315846] iscsi: registered transport (iser)
[[0;32m  OK  [0m] Started Load Kernel Modules.
         Mounting FUSE Control File System...
         Mounting Kernel Configuration File System...
         Starting Apply Kernel Variables...
[[0;32m  OK  [0m] Mounted FUSE Control File System.
[[0;32m  OK  [0m] Mounted Kernel Configuration File System.
[[0;32m  OK  [0m] Started LVM2 metadata daemon.
[[0;32m  OK  [0m] Started Create Static Device Nodes in /dev.
[[0;32m  OK  [0m] Started Apply Kernel Variables.
         Starting udev Kernel Device Manager...
[[0;32m  OK  [0m] Started Monitoring of LVM2 mirrors,…sing dmeventd or progress polling.
[[0;32m  OK  [0m] Reached target Local File Systems (Pre).
[[0;32m  OK  [0m] Reached target Local File Systems.
         Starting Set console font and keymap...
         Starting AppArmor initialization...
         Starting Tell Plymouth To Write Out Runtime Data...
         Starting ebtables ruleset management...
[[0;32m  OK  [0m] Started udev Kernel Device Manager.
[[0;32m  OK  [0m] Started Dispatch Password Requests to Console Directory Watch.
[[0;32m  OK  [0m] Reached target Local Encrypted Volumes.
[[0;32m  OK  [0m] Started Tell Plymouth To Write Out Runtime Data.
[[0;32m  OK  [0m] Started Set console font and keymap.
[[0;32m  OK  [0m] Started Flush Journal to Persistent Storage.
         Starting Create Volatile Files and Directories...
[[0;32m  OK  [0m] Started ebtables ruleset management.
[[0;32m  OK  [0m] Started Create Volatile Files and Directories.
         Starting Update UTMP about System Boot/Shutdown...
[[0;32m  OK  [0m] Started Update UTMP about System Boot/Shutdown.
[[0;32m  OK  [0m] Found device /dev/ttyS0.
[[0;32m  OK  [0m] Listening on Load/Save RF Kill Switch Status /dev/rfkill Watch.
[[0;32m  OK  [0m] Started AppArmor initialization.
         Starting Initial cloud-init job (pre-networking)...
[   17.320841] cloud-init[543]: Cloud-init v. 19.2-36-g059d049c-0ubuntu2~18.04.1 running 'init-local' at Wed, 11 Dec 2019 23:05:01 +0000. Up 17.09 seconds.
[[0;32m  OK  [0m] Started Initial cloud-init job (pre-networking).
[[0;32m  OK  [0m] Reached target Network (Pre).
         Starting Network Service...
[[0;32m  OK  [0m] Started Network Service.
         Starting Wait for Network to be Configured...
         Starting Network Name Resolution...
[[0;32m  OK  [0m] Started Network Name Resolution.
[[0;32m  OK  [0m] Reached target Network.
[[0;32m  OK  [0m] Reached target Host and Network Name Lookups.
[[0;32m  OK  [0m] Started Wait for Network to be Configured.
         Starting Initial cloud-init job (metadata service crawler)...
[   19.853528] cloud-init[702]: Cloud-init v. 19.2-36-g059d049c-0ubuntu2~18.04.1 running 'init' at Wed, 11 Dec 2019 23:05:04 +0000. Up 19.61 seconds.
[   19.870194] cloud-init[702]: ci-info: ++++++++++++++++++++++++++++++++++++++Net device info+++++++++++++++++++++++++++++++++++++++
[   19.890608] cloud-init[702]: ci-info: +--------+------+-----------------------------+---------------+--------+-------------------+
[   19.904513] cloud-init[702]: ci-info: | Device |  Up  |           Address           |      Mask     | Scope  |     Hw-Address    |
[   19.914188] cloud-init[702]: ci-info: +--------+------+-----------------------------+---------------+--------+-------------------+
[   19.930735] cloud-init[702]: ci-info: | enp0s3 | True |          10.0.2.15          | 255.255.255.0 | global | 02:b1:13:47:2b:13 |
[   19.940912] cloud-init[702]: ci-info: | enp0s3 | True |  fe80::b1:13ff:fe47:2b13/64 |       .       |  link  | 02:b1:13:47:2b:13 |
[   19.951666] cloud-init[702]: ci-info: | enp0s8 | True |        192.168.33.10        | 255.255.255.0 | global | 08:00:27:c6:bb:13 |
[   19.962440] cloud-init[702]: ci-info: | enp0s8 | True | fe80::a00:27ff:fec6:bb13/64 |       .       |  link  | 08:00:27:c6:bb:13 |
[   19.994944] cloud-init[702]: ci-info: |   lo   | True |          127.0.0.1          |   255.0.0.0   |  host  |         .         |
[   20.000669] cloud-init[702]: ci-info: |   lo   | True |           ::1/128           |       .       |  host  |         .         |
[   20.010633] cloud-init[702]: ci-info: +--------+------+-----------------------------+---------------+--------+-------------------+
[   20.014633] cloud-init[702]: ci-info: +++++++++++++++++++++++++++++Route IPv4 info+++++++++++++++++++++++++++++
[   20.031557] cloud-init[702]: ci-info: +-------+--------------+----------+-----------------+-----------+-------+
[   20.044370] cloud-init[702]: ci-info: | Route | Destination  | Gateway  |     Genmask     | Interface | Flags |
[   20.078497] cloud-init[702]: ci-info: +-------+--------------+----------+-----------------+-----------+-------+
[   20.116012] cloud-init[702]: ci-info: |   0   |   0.0.0.0    | 10.0.2.2 |     0.0.0.0     |   enp0s3  |   UG  |
[   20.124651] cloud-init[702]: ci-info: |   1   |   10.0.2.0   | 0.0.0.0  |  255.255.255.0  |   enp0s3  |   U   |
[   20.142697] cloud-init[702]: ci-info: |   2   |   10.0.2.2   | 0.0.0.0  | 255.255.255.255 |   enp0s3  |   UH  |
[   20.148420] cloud-init[702]: ci-info: |   3   | 192.168.33.0 | 0.0.0.0  |  255.255.255.0  |   enp0s8  |   U   |
[   20.152219] cloud-init[702]: ci-info: +-------+--------------+----------+-----------------+-----------+-------+
[   20.165374] cloud-init[702]: ci-info: +++++++++++++++++++Route IPv6 info+++++++++++++++++++
[   20.184411] cloud-init[702]: ci-info: +-------+-------------+---------+-----------+-------+
[[0;32m  OK  [0m] Started Initial cloud-init job (metadata service crawler).
[[0;32m  OK  [0m] Reached target Network is Online.
[   20.198853] cloud-init[702]: ci-info: | Route | Destination | Gateway | Interface | Flags |
[   20.229007] cloud-init[702]: ci-info: +-------+-------------+---------+-----------+-------+
[[0;32m  OK  [0m] Reached target Remote File Systems (Pre).
[[0;32m  OK  [0m] Reached target Remote File Systems.
[   20.236918] cloud-init[702]: ci-info: |   1   |  fe80::/64  |    ::   |   enp0s8  |   U   |
         Starting Availability of block devices...
[[0;32m  OK  [0m] Reached target Cloud-config availability.
[   20.282686] cloud-init[702]: ci-info: |   2   |  fe80::/64  |    ::   |   enp0s3  |   U   |
[   20.296370] cloud-init[702]: ci-info: |   4   |    local    |    ::   |   enp0s3  |   U   |
[[0;32m  OK  [0m] Reached target System Initialization.
[   20.301170] cloud-init[702]: ci-info: |   5   |    local    |    ::   |   enp0s8  |   U   |
[   20.320256] cloud-init[702]: ci-info: |   6   |   ff00::/8  |    ::   |   enp0s8  |   U   |
[[0;32m  OK  [0m] Started Discard unused blocks once a week.
[[0;32m  OK  [0m] Started Message of the Day.
[[0;32m  OK  [0m] Listening on Open-iSCSI iscsid Socket.
[[0;32m  OK  [0m] Started Daily Cleanup of Temporary Directories.
[[0;32m  OK  [0m] Listening on D-Bus System Message Bus Socket.
[   20.346110] cloud-init[702]: ci-info: |   7   |   ff00::/8  |    ::   |   enp0s3  |   U   |
[   20.382403] cloud-init[702]: ci-info: +-------+-------------+---------+-----------+-------+
         Starting Socket activation for snappy daemon.
[[0;32m  OK  [0m] Listening on ACPID Listen Socket.
[[0;32m  OK  [0m] Started ACPI Events Check.
[[0;32m  OK  [0m] Reached target Paths.
[[0;32m  OK  [0m] Listening on UUID daemon activation socket.
[[0;32m  OK  [0m] Started Daily apt download activities.
[[0;32m  OK  [0m] Started Daily apt upgrade and clean activities.
[[0;32m  OK  [0m] Reached target Timers.
         Starting LXD - unix socket.
[[0;32m  OK  [0m] Started Availability of block devices.
[[0;32m  OK  [0m] Listening on Socket activation for snappy daemon.
[[0;32m  OK  [0m] Listening on LXD - unix socket.
[[0;32m  OK  [0m] Reached target Sockets.
[[0;32m  OK  [0m] Reached target Basic System.
         Starting Permit User Sessions...
         Starting vboxadd.service...
         Starting Message of the Day...
         Starting LXD - container startup/shutdown...
[[0;32m  OK  [0m] Started irqbalance daemon.
         Starting LSB: Record successful boot for GRUB...
         Starting Login Service...
         Starting Accounts Service...
[[0;32m  OK  [0m] Started D-Bus System Message Bus.
[[0;32m  OK  [0m] Started Deferred execution scheduler.
         Starting Dispatcher daemon for systemd-networkd...
         Starting System Logging Service...
[[0;32m  OK  [0m] Started FUSE filesystem for LXC.
[[0;32m  OK  [0m] Started Regular background program processing daemon.
         Starting LSB: automatic crash report generation...
         Starting OpenBSD Secure Shell server...
         Starting Snappy daemon...
[[0;32m  OK  [0m] Started System Logging Service.
[[0;32m  OK  [0m] Started Permit User Sessions.
[[0;32m  OK  [0m] Started LXD - container startup/shutdown.
[[0;32m  OK  [0m] Started Login Service.
[[0;32m  OK  [0m] Started OpenBSD Secure Shell server.
         Starting Authorization Manager...
[[0;32m  OK  [0m] Started Unattended Upgrades Shutdown.
         Starting Terminate Plymouth Boot Screen...
         Starting Hold until boot process finishes up...
[[0;32m  OK  [0m] Started Hold until boot process finishes up.
         Starting Set console scheme...
[[0;32m  OK  [0m] Started Serial Getty on ttyS0.
[[0;32m  OK  [0m] Started Terminate Plymouth Boot Screen.
[[0;32m  OK  [0m] Started Set console scheme.
[[0;32m  OK  [0m] Created slice system-getty.slice.
[[0;32m  OK  [0m] Started Getty on tty1.
[[0;32m  OK  [0m] Reached target Login Prompts.
[[0;32m  OK  [0m] Started LSB: automatic crash report generation.
[[0;32m  OK  [0m] Started Authorization Manager.
[[0;32m  OK  [0m] Started LSB: Record successful boot for GRUB.
[[0;32m  OK  [0m] Started Accounts Service.
[[0;32m  OK  [0m] Started Dispatcher daemon for systemd-networkd.
[[0;32m  OK  [0m] Created slice User Slice of vagrant.
[[0;32m  OK  [0m] Started vboxadd.service.
[[0;32m  OK  [0m] Started Message of the Day.
         Starting User Manager for UID 1000...
         Starting vboxadd-service.service...
[[0;32m  OK  [0m] Started Session 1 of user vagrant.
[[0;32m  OK  [0m] Started Snappy daemon.
         Starting Wait until snapd is fully seeded...
[[0;32m  OK  [0m] Started vboxadd-service.service.
[[0;32m  OK  [0m] Started User Manager for UID 1000.
[[0;32m  OK  [0m] Started Wait until snapd is fully seeded.
[[0;32m  OK  [0m] Reached target Multi-User System.
[[0;32m  OK  [0m] Reached target Graphical Interface.
         Starting Update UTMP about System Runlevel Changes...
         Starting Apply the settings specified in cloud-config...
[[0;32m  OK  [0m] Started Update UTMP about System Runlevel Changes.
[   22.764429] cloud-init[1173]: Cloud-init v. 19.2-36-g059d049c-0ubuntu2~18.04.1 running 'modules:config' at Wed, 11 Dec 2019 23:05:07 +0000. Up 22.64 seconds.
[[0;32m  OK  [0m] Started Apply the settings specified in cloud-config.
         Starting Execute cloud user/final scripts...
[   23.404293] cloud-init[1240]: Cloud-init v. 19.2-36-g059d049c-0ubuntu2~18.04.1 running 'modules:final' at Wed, 11 Dec 2019 23:05:07 +0000. Up 23.21 seconds.
[   23.411932] cloud-init[1240]: Cloud-init v. 19.2-36-g059d049c-0ubuntu2~18.04.1 finished at Wed, 11 Dec 2019 23:05:07 +0000. Datasource DataSourceNoCloud [seed=/dev/sdb][dsmode=net].  Up 23.39 seconds
[[0;32m  OK  [0m] Started Execute cloud user/final scripts.
[[0;32m  OK  [0m] Reached target Cloud-init target.

Ubuntu 18.04.3 LTS ubuntu-bionic ttyS0

ubuntu-bionic login: [[0;32m  OK  [0m] Stopped target Cloud-init target.
[[0;32m  OK  [0m] Stopped target Graphical Interface.
         Stopping Accounts Service...
[[0;32m  OK  [0m] Stopped Execute cloud user/final scripts.
[[0;32m  OK  [0m] Stopped Apply the settings specified in cloud-config.
[[0;32m  OK  [0m] Stopped target Cloud-config availability.
         Stopping Availability of block devices...
[[0;32m  OK  [0m] Stopped target Host and Network Name Lookups.
[[0;32m  OK  [0m] Stopped target Multi-User System.
         Stopping FUSE filesystem for LXC...
         Stopping D-Bus System Message Bus...
[[0;32m  OK  [0m] Stopped Wait until snapd is fully seeded.
         Stopping Regular background program processing daemon...
         Stopping LXD - container startup/shutdown...
         Stopping LSB: Record successful boot for GRUB...
         Stopping irqbalance daemon...
         Stopping Dispatcher daemon for systemd-networkd...
         Stopping Deferred execution scheduler...
         Stopping System Logging Service...
         Stopping Session 6 of user vagrant.
[[0;32m  OK  [0m] Stopped target Network is Online.
[[0;32m  OK  [0m] Stopped target Login Prompts.
         Stopping Getty on tty1...
         Stopping Authorization Manager...
[[0;32m  OK  [0m] Closed Load/Save RF Kill Switch Status /dev/rfkill Watch.
         Stopping Unattended Upgrades Shutdown...
         Stopping vboxadd-service.service...
         Stopping Serial Getty on ttyS0...
         Stopping OpenBSD Secure Shell server...
         Stopping LSB: automatic crash report generation...
[[0;32m  OK  [0m] Stopped target Timers.
[[0;32m  OK  [0m] Stopped Daily apt upgrade and clean activities.
[[0;32m  OK  [0m] Stopped Discard unused blocks once a week.
[[0;32m  OK  [0m] Stopped Message of the Day.
[[0;32m  OK  [0m] Stopped Daily apt download activities.
[[0;32m  OK  [0m] Stopped Daily Cleanup of Temporary Directories.
         Stopping User Manager for UID 1000...
[[0;32m  OK  [0m] Stopped target System Time Synchronized.
[[0;32m  OK  [0m] Unmounted /var/lib/lxcfs.
[[0;32m  [[0;32m  OK  [0m] Stopped FUSE filesystem for LXC.
[[0;32m  OK  [0m] Stopped LSB: Record successful boot for GRUB.
[[0;32m  OK  [0m] Stopped System Logging Service.
[[0;32m  OK  [0m] Stopped Unattended Upgrades Shutdown.
[[0;32m  OK  [0m] Stopped Serial Getty on ttyS0.
[[0;32m  OK  [0m] Stopped LSB: automatic crash report generation.
[[0;32m  OK  [0m] Removed slice system-serial\x2dgetty.slice.
[[0;32m  OK  [0m] Removed slice User Slice of vagrant.
         Stopping Login Service...
         Stopping Permit User Sessions...
[[0;32m  OK  [0m] Removed slice system-getty.slice.
[[0;32m  OK  [0m] Stopped LXD - container startup/shutdown.
[[0;32m  OK  [0m] Stopped Permit User Sessions.
[[0;32m  OK  [0m] Stopped target Remote File Systems.
[[0;32m  OK  [0m] Stopped target Remote File Systems (Pre).
[[0;32m  OK  [0m] Stopped target Network.
         Stopping Network Name Resolution...
[[0;32m  OK  [0m] Stopped Network Name Resolution.
[[0;32m  OK  [0m] Stopped Login Service.
[[0;32m  OK  [0m] Stopped target User and Group Name Lookups.
         Stopping Network Service...
[[0;32m  OK  [0m] Stopped vboxadd-service.service.
[[0;32m  OK  [0m] Stopped Network Service.
[[0;32m  OK  [0m] Stopped target Network (Pre).
         Stopping vboxadd.service...
[[0;32m  OK  [0m] Unmounted /vagrant.
[[0;32m  OK  [0m] Stopped vboxadd.service.
[[0;32m  OK  [0m] Stopped target Basic System.
[[0;32m  OK  [0m] Stopped target Paths.
[[0;32m  OK  [0m] Stopped ACPI Events Check.
[[0;32m  OK  [0m] Stopped target Sockets.
[[0;32m  OK  [0m] Closed D-Bus System Message Bus Socket.
[[0;32m  OK  [0m] Closed ACPID Listen Socket.
[[0;32m  OK  [0m] Closed Syslog Socket.
[[0;32m  OK  [0m] Closed LXD - unix socket.
[[0;32m  OK  [0m] Closed Socket activation for snappy daemon.
[[0;32m  OK  [0m] Closed Open-iSCSI iscsid Socket.
[[0;32m  OK  [0m] Closed UUID daemon activation socket.
[[0;32m  OK  [0m] Stopped target Slices.
[[0;32m  OK  [0m] Removed slice User and Session Slice.
[[0;32m  OK  [0m] Stopped target System Initialization.
[[0;32m  OK  [0m] Stopped target Local Encrypted Volumes.
[[0;32m  OK  [0m] Stopped Dispatch Password Requests to Console Directory Watch.
[[0;32m  OK  [0m] Stopped Forward Password Requests to Wall Directory Watch.
[[0;32m  OK  [0m] Stopped Initial cloud-init job (metadata service crawler).
[[0;32m  OK  [0m] Stopped Apply Kernel Variables.
[[0;32m  OK  [0m] Stopped Load Kernel Modules.
[[0;32m  OK  [0m] Stopped Initial cloud-init job (pre-networking).
         Stopping Update UTMP about System Boot/Shutdown...
         Stopping Load/Save Random Seed...
[[0;32m  OK  [0m] Stopped Update UTMP about System Boot/Shutdown.
[[0;32m  OK  [0m] Stopped Load/Save Random Seed.
[[0;32m  OK  [0m] Stopped Create Volatile Files and Directories.
[[0;32m  OK  [0m] Stopped target Local File Systems.
         Unmounting /run/user/1000...
[[0;32m  OK  [0m] Unmounted /run/user/1000.
[[0;32m  OK  [0m] Reached target Unmount All Filesystems.
[[0;32m  OK  [0m] Stopped target Swap.
[[0;32m  OK  [0m] Stopped target Local File Systems (Pre).
         Stopping Monitoring of LVM2 mirrors…ng dmeventd or progress polling...
[[0;32m  OK  [0m] Stopped Remount Root and Kernel File Systems.
[[0;32m  OK  [0m] Stopped Create Static Device Nodes in /dev.
[[0;32m  OK  [0m] Reached target Shutdown.
[[0;32m  OK  [0m] Reached target Final Step.
         Starting Power-Off...
[[0;32m  OK  [0m] Stopped Monitoring of LVM2 mirrors,…sing dmeventd or progress polling.
         Stopping LVM2 metadata daemon...
[[0;32m  OK  [0m] Stopped LVM2 metadata daemon.
[ 4323.880352] reboot: Power down
